# JRE version: OpenJDK Runtime Environment (17.0.11) (build 17.0.11+0--11852314)
# Java VM: OpenJDK 64-Bit Server VM (17.0.11+0--11852314, mixed mode, tiered, compressed oops, compressed class ptrs, g1 gc, windows-amd64)
GC Precious Log:
 CPUs: 8 total, 8 available
 Memory: 5877M
 Large Page Support: Disabled
 NUMA Support: Disabled
 Compressed Oops: Enabled (32-bit)
 Heap Region Size: 1M
 Heap Min Capacity: 8M
 Heap Initial Capacity: 92M
 Heap Max Capacity: 1470M
 Pre-touch: Disabled
 Parallel Workers: 8
 Concurrent Workers: 2
 Concurrent Refinement Workers: 8
 Periodic GC: Disabled
Heap:
 garbage-first heap   total 273408K, used 108052K [0x00000000a4200000, 0x0000000100000000)
  region size 1024K, 2 young (2048K), 2 survivors (2048K)
 Metaspace       used 79592K, committed 79936K, reserved 1179648K
  class space    used 8780K, committed 8960K, reserved 1048576K
GC Heap History (20 events):
Event: 25.352 GC heap after
{Heap after GC invocations=31 (full 0):
 garbage-first heap   total 118784K, used 63425K [0x00000000a4200000, 0x0000000100000000)
  region size 1024K, 1 young (1024K), 1 survivors (1024K)
 Metaspace       used 64560K, committed 64896K, reserved 1114112K
  class space    used 7344K, committed 7488K, reserved 1048576K
}
Event: 29.138 GC heap before
{Heap before GC invocations=31 (full 0):
 garbage-first heap   total 118784K, used 89025K [0x00000000a4200000, 0x0000000100000000)
  region size 1024K, 24 young (24576K), 1 survivors (1024K)
 Metaspace       used 64718K, committed 65024K, reserved 1114112K
  class space    used 7347K, committed 7488K, reserved 1048576K
}
Event: 29.153 GC heap after
{Heap after GC invocations=32 (full 0):
 garbage-first heap   total 118784K, used 67490K [0x00000000a4200000, 0x0000000100000000)
  region size 1024K, 3 young (3072K), 3 survivors (3072K)
 Metaspace       used 64718K, committed 65024K, reserved 1114112K
  class space    used 7347K, committed 7488K, reserved 1048576K
}
Event: 31.483 GC heap before
{Heap before GC invocations=32 (full 0):
 garbage-first heap   total 118784K, used 88994K [0x00000000a4200000, 0x0000000100000000)
  region size 1024K, 24 young (24576K), 3 survivors (3072K)
 Metaspace       used 64883K, committed 65280K, reserved 1114112K
  class space    used 7347K, committed 7552K, reserved 1048576K
}
Event: 31.612 GC heap after
{Heap after GC invocations=33 (full 0):
 garbage-first heap   total 118784K, used 68982K [0x00000000a4200000, 0x0000000100000000)
  region size 1024K, 2 young (2048K), 2 survivors (2048K)
 Metaspace       used 64883K, committed 65280K, reserved 1114112K
  class space    used 7347K, committed 7552K, reserved 1048576K
}
Event: 37.504 GC heap before
{Heap before GC invocations=33 (full 0):
 garbage-first heap   total 118784K, used 96630K [0x00000000a4200000, 0x0000000100000000)
  region size 1024K, 29 young (29696K), 2 survivors (2048K)
 Metaspace       used 65101K, committed 65472K, reserved 1114112K
  class space    used 7355K, committed 7552K, reserved 1048576K
}
Event: 37.580 GC heap after
{Heap after GC invocations=34 (full 0):
 garbage-first heap   total 273408K, used 70879K [0x00000000a4200000, 0x0000000100000000)
  region size 1024K, 4 young (4096K), 4 survivors (4096K)
 Metaspace       used 65101K, committed 65472K, reserved 1114112K
  class space    used 7355K, committed 7552K, reserved 1048576K
}
Event: 39.200 GC heap before
{Heap before GC invocations=34 (full 0):
 garbage-first heap   total 273408K, used 92383K [0x00000000a4200000, 0x0000000100000000)
  region size 1024K, 25 young (25600K), 4 survivors (4096K)
 Metaspace       used 65243K, committed 65600K, reserved 1114112K
  class space    used 7355K, committed 7552K, reserved 1048576K
}
Event: 39.262 GC heap after
{Heap after GC invocations=35 (full 0):
 garbage-first heap   total 273408K, used 72121K [0x00000000a4200000, 0x0000000100000000)
  region size 1024K, 2 young (2048K), 2 survivors (2048K)
 Metaspace       used 65243K, committed 65600K, reserved 1114112K
  class space    used 7355K, committed 7552K, reserved 1048576K
}
Event: 51.241 GC heap before
{Heap before GC invocations=35 (full 0):
 garbage-first heap   total 273408K, used 121273K [0x00000000a4200000, 0x0000000100000000)
  region size 1024K, 50 young (51200K), 2 survivors (2048K)
 Metaspace       used 66671K, committed 67008K, reserved 1114112K
  class space    used 7480K, committed 7680K, reserved 1048576K
}
Event: 51.284 GC heap after
{Heap after GC invocations=36 (full 0):
 garbage-first heap   total 273408K, used 76517K [0x00000000a4200000, 0x0000000100000000)
  region size 1024K, 6 young (6144K), 6 survivors (6144K)
 Metaspace       used 66671K, committed 67008K, reserved 1114112K
  class space    used 7480K, committed 7680K, reserved 1048576K
}
Event: 55.440 GC heap before
{Heap before GC invocations=36 (full 0):
 garbage-first heap   total 273408K, used 110309K [0x00000000a4200000, 0x0000000100000000)
  region size 1024K, 39 young (39936K), 6 survivors (6144K)
 Metaspace       used 70370K, committed 70656K, reserved 1114112K
  class space    used 7842K, committed 8000K, reserved 1048576K
}
Event: 55.516 GC heap after
{Heap after GC invocations=37 (full 0):
 garbage-first heap   total 273408K, used 77930K [0x00000000a4200000, 0x0000000100000000)
  region size 1024K, 3 young (3072K), 3 survivors (3072K)
 Metaspace       used 70370K, committed 70656K, reserved 1114112K
  class space    used 7842K, committed 8000K, reserved 1048576K
}
Event: 59.819 GC heap before
{Heap before GC invocations=37 (full 0):
 garbage-first heap   total 273408K, used 150634K [0x00000000a4200000, 0x0000000100000000)
  region size 1024K, 74 young (75776K), 3 survivors (3072K)
 Metaspace       used 75966K, committed 76288K, reserved 1179648K
  class space    used 8411K, committed 8576K, reserved 1048576K
}
Event: 60.012 GC heap after
{Heap after GC invocations=38 (full 0):
 garbage-first heap   total 273408K, used 87844K [0x00000000a4200000, 0x0000000100000000)
  region size 1024K, 10 young (10240K), 10 survivors (10240K)
 Metaspace       used 75966K, committed 76288K, reserved 1179648K
  class space    used 8411K, committed 8576K, reserved 1048576K
}
Event: 61.405 GC heap before
{Heap before GC invocations=38 (full 0):
 garbage-first heap   total 273408K, used 114468K [0x00000000a4200000, 0x0000000100000000)
  region size 1024K, 36 young (36864K), 10 survivors (10240K)
 Metaspace       used 76501K, committed 76864K, reserved 1179648K
  class space    used 8446K, committed 8640K, reserved 1048576K
}
Event: 61.592 GC heap after
{Heap after GC invocations=39 (full 0):
 garbage-first heap   total 273408K, used 98304K [0x00000000a4200000, 0x0000000100000000)
  region size 1024K, 5 young (5120K), 5 survivors (5120K)
 Metaspace       used 76501K, committed 76864K, reserved 1179648K
  class space    used 8446K, committed 8640K, reserved 1048576K
}
Event: 62.403 GC heap before
{Heap before GC invocations=39 (full 0):
 garbage-first heap   total 273408K, used 120832K [0x00000000a4200000, 0x0000000100000000)
  region size 1024K, 27 young (27648K), 5 survivors (5120K)
 Metaspace       used 76880K, committed 77248K, reserved 1179648K
  class space    used 8471K, committed 8640K, reserved 1048576K
}
Event: 62.435 GC heap after
{Heap after GC invocations=40 (full 0):
 garbage-first heap   total 273408K, used 105472K [0x00000000a4200000, 0x0000000100000000)
  region size 1024K, 4 young (4096K), 4 survivors (4096K)
 Metaspace       used 76880K, committed 77248K, reserved 1179648K
  class space    used 8471K, committed 8640K, reserved 1048576K
}
Event: 63.492 GC heap before
{Heap before GC invocations=40 (full 0):
 garbage-first heap   total 273408K, used 132096K [0x00000000a4200000, 0x0000000100000000)
  region size 1024K, 30 young (30720K), 4 survivors (4096K)
 Metaspace       used 79592K, committed 79936K, reserved 1179648K
  class space    used 8780K, committed 8960K, reserved 1048576K
}

